INFO [2025-12-10 02:00:44] $x
INFO [2025-12-10 02:00:44] sig_sets
INFO [2025-12-10 02:00:44] 
INFO [2025-12-10 02:00:44] $filename
INFO [2025-12-10 02:00:44] NULL
INFO [2025-12-10 02:00:44] 
INFO [2025-12-10 02:00:44] $fill
INFO [2025-12-10 02:00:44] c("#4C78A8", "#F58518", "#54A24B")
INFO [2025-12-10 02:00:44] 
INFO [2025-12-10 02:00:44] $alpha
INFO [2025-12-10 02:00:44] [1] 0.6
INFO [2025-12-10 02:00:44] 
INFO [2025-12-10 02:00:44] $cex
INFO [2025-12-10 02:00:44] [1] 1.2
INFO [2025-12-10 02:00:44] 
INFO [2025-12-10 02:00:44] $cat.cex
INFO [2025-12-10 02:00:44] [1] 1.2
INFO [2025-12-10 02:00:44] 
INFO [2025-12-10 02:00:44] $lwd
INFO [2025-12-10 02:00:44] [1] 1.5
INFO [2025-12-10 02:00:44] 
