INFO [2025-12-10 01:59:38] $x
INFO [2025-12-10 01:59:38] sig_sets
INFO [2025-12-10 01:59:38] 
INFO [2025-12-10 01:59:38] $filename
INFO [2025-12-10 01:59:38] NULL
INFO [2025-12-10 01:59:38] 
INFO [2025-12-10 01:59:38] $fill
INFO [2025-12-10 01:59:38] c("#4C78A8", "#F58518", "#54A24B")
INFO [2025-12-10 01:59:38] 
INFO [2025-12-10 01:59:38] $alpha
INFO [2025-12-10 01:59:38] [1] 0.6
INFO [2025-12-10 01:59:38] 
INFO [2025-12-10 01:59:38] $cex
INFO [2025-12-10 01:59:38] [1] 1.2
INFO [2025-12-10 01:59:38] 
INFO [2025-12-10 01:59:38] $cat.cex
INFO [2025-12-10 01:59:38] [1] 1.2
INFO [2025-12-10 01:59:38] 
INFO [2025-12-10 01:59:38] $lwd
INFO [2025-12-10 01:59:38] [1] 1.5
INFO [2025-12-10 01:59:38] 
